<?xml version="1.0" encoding="UTF-8"?>
<!-- Generated by org.testng.reporters.JUnitXMLReporter -->
<testsuite ignored="0" hostname="Rampudi" failures="0" tests="7" name="Default test" time="23.178" errors="0" timestamp="06 Jul 2022 18:10:23 GMT">
  <testcase classname="Tests.Test1" name="fnCreateComputer" time="3.845"/>
  <testcase classname="Tests.Test1" name="fnDeleteComputer" time="3.825"/>
  <testcase classname="Tests.Test1" name="fnReadComputer" time="3.001"/>
  <testcase classname="Tests.Test1" name="fnUpdateComputer" time="3.469"/>
  <testcase classname="Tests.Test1" name="fnVerifyCreate" time="2.284"/>
  <testcase classname="Tests.Test1" name="fnVerifyUpdated" time="3.169"/>
  <testcase classname="Tests.Test1" name="fnverifydelete" time="2.679"/>
</testsuite> <!-- Default test -->
