<?xml version="1.0" encoding="UTF-8"?>
<testng-results ignored="0" total="7" passed="7" failed="0" skipped="0">
  <reporter-output>
  </reporter-output>
  <suite started-at="2022-07-07T13:19:56Z" name="Suite" finished-at="2022-07-07T13:20:29Z" duration-ms="32974">
    <groups>
    </groups>
    <test started-at="2022-07-07T13:19:56Z" name="Test" finished-at="2022-07-07T13:20:29Z" duration-ms="32974">
      <class name="Tests.CRUDTests">
        <test-method is-config="true" signature="PreReqRun()[pri:0, instance:Tests.CRUDTests@d737b89]" started-at="2022-07-07T13:19:56Z" name="PreReqRun" finished-at="2022-07-07T13:19:56Z" duration-ms="331" status="PASS">
          <reporter-output>
          </reporter-output>
        </test-method> <!-- PreReqRun -->
        <test-method signature="fnCreateComputer()[pri:0, instance:Tests.CRUDTests@d737b89]" started-at="2022-07-07T13:19:56Z" name="fnCreateComputer" finished-at="2022-07-07T13:20:03Z" duration-ms="6410" status="PASS">
          <reporter-output>
          </reporter-output>
        </test-method> <!-- fnCreateComputer -->
        <test-method signature="fnDeleteComputer()[pri:0, instance:Tests.CRUDTests@d737b89]" started-at="2022-07-07T13:20:03Z" name="fnDeleteComputer" finished-at="2022-07-07T13:20:07Z" duration-ms="4443" status="PASS">
          <reporter-output>
          </reporter-output>
        </test-method> <!-- fnDeleteComputer -->
        <test-method signature="fnReadComputer()[pri:0, instance:Tests.CRUDTests@d737b89]" started-at="2022-07-07T13:20:07Z" name="fnReadComputer" finished-at="2022-07-07T13:20:11Z" duration-ms="3852" status="PASS">
          <reporter-output>
          </reporter-output>
        </test-method> <!-- fnReadComputer -->
        <test-method signature="fnUpdateComputer()[pri:0, instance:Tests.CRUDTests@d737b89]" started-at="2022-07-07T13:20:11Z" name="fnUpdateComputer" finished-at="2022-07-07T13:20:16Z" duration-ms="5032" status="PASS">
          <reporter-output>
          </reporter-output>
        </test-method> <!-- fnUpdateComputer -->
        <test-method signature="fnVerifyCreate()[pri:0, instance:Tests.CRUDTests@d737b89]" started-at="2022-07-07T13:20:16Z" name="fnVerifyCreate" finished-at="2022-07-07T13:20:20Z" duration-ms="3796" status="PASS">
          <reporter-output>
          </reporter-output>
        </test-method> <!-- fnVerifyCreate -->
        <test-method signature="fnVerifyUpdated()[pri:0, instance:Tests.CRUDTests@d737b89]" started-at="2022-07-07T13:20:20Z" name="fnVerifyUpdated" finished-at="2022-07-07T13:20:24Z" duration-ms="4444" status="PASS">
          <reporter-output>
          </reporter-output>
        </test-method> <!-- fnVerifyUpdated -->
        <test-method signature="fnverifydelete()[pri:0, instance:Tests.CRUDTests@d737b89]" started-at="2022-07-07T13:20:24Z" name="fnverifydelete" finished-at="2022-07-07T13:20:28Z" duration-ms="4030" status="PASS">
          <reporter-output>
          </reporter-output>
        </test-method> <!-- fnverifydelete -->
        <test-method is-config="true" signature="AfterTestRun()[pri:0, instance:Tests.CRUDTests@d737b89]" started-at="2022-07-07T13:20:28Z" name="AfterTestRun" finished-at="2022-07-07T13:20:29Z" duration-ms="587" status="PASS">
          <reporter-output>
          </reporter-output>
        </test-method> <!-- AfterTestRun -->
      </class> <!-- Tests.CRUDTests -->
    </test> <!-- Test -->
  </suite> <!-- Suite -->
</testng-results>
